Arguments: 
  D:\Software\nodejs\node.exe D:\Software\yarn\bin\yarn.js build

PATH: 
  C:\Users\Yang\Downloads\cmder\vendor\git-for-windows\mingw64\bin;C:\Users\Yang\Downloads\cmder\vendor\git-for-windows\usr\bin;C:\Users\Yang\bin;C:\windows\system32;C:\windows;C:\windows\System32\Wbem;C:\windows\System32\WindowsPowerShell\v1.0;C:\windows\System32\OpenSSH;C:\Program Files (x86)\NVIDIA Corporation\PhysX\Common;C:\Program Files\NVIDIA Corporation\NVIDIA NvDLISR;D:\Software\nodejs;D:\Software\yarn\bin;C:\Users\Yang\AppData\Local\Microsoft\WindowsApps;C:\Users\Yang\AppData\Local\Programs\Microsoft VS Code\bin;C:\Users\Yang\AppData\Roaming\npm;C:\Users\Yang\AppData\Local\Yarn\bin

Yarn version: 
  1.22.5

Node version: 
  14.15.0

Platform: 
  win32 x64

Trace: 
  SyntaxError: C:\Users\Yang\jrg\mvc\package.json: Unexpected token : in JSON at position 9
      at JSON.parse (<anonymous>)
      at D:\Software\yarn\lib\cli.js:1625:59
      at Generator.next (<anonymous>)
      at step (D:\Software\yarn\lib\cli.js:310:30)
      at D:\Software\yarn\lib\cli.js:321:13

npm manifest: 
  "scripts": {
    "build": "rm -rf dist && parcel build src/index.html --no-minify --public-url ./"
  },
  {
    "name": "mvc",
    "version": "1.0.0",
    "main": "index.js",
    "license": "MIT",
    "dependencies": {
      "jquery": "^3.5.1"
    }
  }

yarn manifest: 
  No manifest

Lockfile: 
  # THIS IS AN AUTOGENERATED FILE. DO NOT EDIT THIS FILE DIRECTLY.
  # yarn lockfile v1
  
  
  jquery@^3.5.1:
    version "3.5.1"
    resolved "https://registry.npm.taobao.org/jquery/download/jquery-3.5.1.tgz#d7b4d08e1bfdb86ad2f1a3d039ea17304717abb5"
    integrity sha1-17TQjhv9uGrS8aPQOeoXMEcXq7U=
